CRITICAL - 2023-04-14 02:45:33 --> compact(): Undefined variable $Estoes codigneiter
in APPPATH\Controllers\Home.php on line 10.
 1 [internal function]: CodeIgniter\Debug\Exceptions->errorHandler(2, 'compact(): Undefined variable $Estoes codigneiter', 'C:\\xampp\\htdocs\\codigo\\app\\Controllers\\Home.php', 10)
 2 APPPATH\Controllers\Home.php(10): compact([...])
 3 SYSTEMPATH\CodeIgniter.php(934): App\Controllers\Home->index()
 4 SYSTEMPATH\CodeIgniter.php(499): CodeIgniter\CodeIgniter->runController(Object(App\Controllers\Home))
 5 SYSTEMPATH\CodeIgniter.php(368): CodeIgniter\CodeIgniter->handleRequest(null, Object(Config\Cache), false)
 6 FCPATH\index.php(67): CodeIgniter\CodeIgniter->run()
CRITICAL - 2023-04-14 02:45:35 --> compact(): Undefined variable $Estoes codigneiter
in APPPATH\Controllers\Home.php on line 10.
 1 [internal function]: CodeIgniter\Debug\Exceptions->errorHandler(2, 'compact(): Undefined variable $Estoes codigneiter', 'C:\\xampp\\htdocs\\codigo\\app\\Controllers\\Home.php', 10)
 2 APPPATH\Controllers\Home.php(10): compact([...])
 3 SYSTEMPATH\CodeIgniter.php(934): App\Controllers\Home->index()
 4 SYSTEMPATH\CodeIgniter.php(499): CodeIgniter\CodeIgniter->runController(Object(App\Controllers\Home))
 5 SYSTEMPATH\CodeIgniter.php(368): CodeIgniter\CodeIgniter->handleRequest(null, Object(Config\Cache), false)
 6 FCPATH\index.php(67): CodeIgniter\CodeIgniter->run()
CRITICAL - 2023-04-14 02:45:42 --> compact(): Undefined variable $Estoes codigneiter
in APPPATH\Controllers\Home.php on line 10.
 1 [internal function]: CodeIgniter\Debug\Exceptions->errorHandler(2, 'compact(): Undefined variable $Estoes codigneiter', 'C:\\xampp\\htdocs\\codigo\\app\\Controllers\\Home.php', 10)
 2 APPPATH\Controllers\Home.php(10): compact([...])
 3 SYSTEMPATH\CodeIgniter.php(934): App\Controllers\Home->index()
 4 SYSTEMPATH\CodeIgniter.php(499): CodeIgniter\CodeIgniter->runController(Object(App\Controllers\Home))
 5 SYSTEMPATH\CodeIgniter.php(368): CodeIgniter\CodeIgniter->handleRequest(null, Object(Config\Cache), false)
 6 FCPATH\index.php(67): CodeIgniter\CodeIgniter->run()
CRITICAL - 2023-04-14 02:45:43 --> compact(): Undefined variable $Estoes codigneiter
in APPPATH\Controllers\Home.php on line 10.
 1 [internal function]: CodeIgniter\Debug\Exceptions->errorHandler(2, 'compact(): Undefined variable $Estoes codigneiter', 'C:\\xampp\\htdocs\\codigo\\app\\Controllers\\Home.php', 10)
 2 APPPATH\Controllers\Home.php(10): compact([...])
 3 SYSTEMPATH\CodeIgniter.php(934): App\Controllers\Home->index()
 4 SYSTEMPATH\CodeIgniter.php(499): CodeIgniter\CodeIgniter->runController(Object(App\Controllers\Home))
 5 SYSTEMPATH\CodeIgniter.php(368): CodeIgniter\CodeIgniter->handleRequest(null, Object(Config\Cache), false)
 6 FCPATH\index.php(67): CodeIgniter\CodeIgniter->run()
CRITICAL - 2023-04-14 02:45:44 --> compact(): Undefined variable $Estoes codigneiter
in APPPATH\Controllers\Home.php on line 10.
 1 [internal function]: CodeIgniter\Debug\Exceptions->errorHandler(2, 'compact(): Undefined variable $Estoes codigneiter', 'C:\\xampp\\htdocs\\codigo\\app\\Controllers\\Home.php', 10)
 2 APPPATH\Controllers\Home.php(10): compact([...])
 3 SYSTEMPATH\CodeIgniter.php(934): App\Controllers\Home->index()
 4 SYSTEMPATH\CodeIgniter.php(499): CodeIgniter\CodeIgniter->runController(Object(App\Controllers\Home))
 5 SYSTEMPATH\CodeIgniter.php(368): CodeIgniter\CodeIgniter->handleRequest(null, Object(Config\Cache), false)
 6 FCPATH\index.php(67): CodeIgniter\CodeIgniter->run()
CRITICAL - 2023-04-14 02:45:46 --> compact(): Undefined variable $Estoes codigneiter
in APPPATH\Controllers\Home.php on line 10.
 1 [internal function]: CodeIgniter\Debug\Exceptions->errorHandler(2, 'compact(): Undefined variable $Estoes codigneiter', 'C:\\xampp\\htdocs\\codigo\\app\\Controllers\\Home.php', 10)
 2 APPPATH\Controllers\Home.php(10): compact([...])
 3 SYSTEMPATH\CodeIgniter.php(934): App\Controllers\Home->index()
 4 SYSTEMPATH\CodeIgniter.php(499): CodeIgniter\CodeIgniter->runController(Object(App\Controllers\Home))
 5 SYSTEMPATH\CodeIgniter.php(368): CodeIgniter\CodeIgniter->handleRequest(null, Object(Config\Cache), false)
 6 FCPATH\index.php(67): CodeIgniter\CodeIgniter->run()
CRITICAL - 2023-04-14 02:45:51 --> compact(): Undefined variable $Estoes codigneiter
in APPPATH\Controllers\Home.php on line 10.
 1 [internal function]: CodeIgniter\Debug\Exceptions->errorHandler(2, 'compact(): Undefined variable $Estoes codigneiter', 'C:\\xampp\\htdocs\\codigo\\app\\Controllers\\Home.php', 10)
 2 APPPATH\Controllers\Home.php(10): compact([...])
 3 SYSTEMPATH\CodeIgniter.php(934): App\Controllers\Home->index()
 4 SYSTEMPATH\CodeIgniter.php(499): CodeIgniter\CodeIgniter->runController(Object(App\Controllers\Home))
 5 SYSTEMPATH\CodeIgniter.php(368): CodeIgniter\CodeIgniter->handleRequest(null, Object(Config\Cache), false)
 6 FCPATH\index.php(67): CodeIgniter\CodeIgniter->run()
CRITICAL - 2023-04-14 02:46:01 --> compact(): Undefined variable $Estoes codigneiter
in APPPATH\Controllers\Home.php on line 10.
 1 [internal function]: CodeIgniter\Debug\Exceptions->errorHandler(2, 'compact(): Undefined variable $Estoes codigneiter', 'C:\\xampp\\htdocs\\codigo\\app\\Controllers\\Home.php', 10)
 2 APPPATH\Controllers\Home.php(10): compact([...])
 3 SYSTEMPATH\CodeIgniter.php(934): App\Controllers\Home->index()
 4 SYSTEMPATH\CodeIgniter.php(499): CodeIgniter\CodeIgniter->runController(Object(App\Controllers\Home))
 5 SYSTEMPATH\CodeIgniter.php(368): CodeIgniter\CodeIgniter->handleRequest(null, Object(Config\Cache), false)
 6 FCPATH\index.php(67): CodeIgniter\CodeIgniter->run()
CRITICAL - 2023-04-14 02:46:02 --> compact(): Undefined variable $Estoes codigneiter
in APPPATH\Controllers\Home.php on line 10.
 1 [internal function]: CodeIgniter\Debug\Exceptions->errorHandler(2, 'compact(): Undefined variable $Estoes codigneiter', 'C:\\xampp\\htdocs\\codigo\\app\\Controllers\\Home.php', 10)
 2 APPPATH\Controllers\Home.php(10): compact([...])
 3 SYSTEMPATH\CodeIgniter.php(934): App\Controllers\Home->index()
 4 SYSTEMPATH\CodeIgniter.php(499): CodeIgniter\CodeIgniter->runController(Object(App\Controllers\Home))
 5 SYSTEMPATH\CodeIgniter.php(368): CodeIgniter\CodeIgniter->handleRequest(null, Object(Config\Cache), false)
 6 FCPATH\index.php(67): CodeIgniter\CodeIgniter->run()
CRITICAL - 2023-04-14 02:46:04 --> compact(): Undefined variable $Estoes codigneiter
in APPPATH\Controllers\Home.php on line 10.
 1 [internal function]: CodeIgniter\Debug\Exceptions->errorHandler(2, 'compact(): Undefined variable $Estoes codigneiter', 'C:\\xampp\\htdocs\\codigo\\app\\Controllers\\Home.php', 10)
 2 APPPATH\Controllers\Home.php(10): compact([...])
 3 SYSTEMPATH\CodeIgniter.php(934): App\Controllers\Home->index()
 4 SYSTEMPATH\CodeIgniter.php(499): CodeIgniter\CodeIgniter->runController(Object(App\Controllers\Home))
 5 SYSTEMPATH\CodeIgniter.php(368): CodeIgniter\CodeIgniter->handleRequest(null, Object(Config\Cache), false)
 6 FCPATH\index.php(67): CodeIgniter\CodeIgniter->run()
CRITICAL - 2023-04-14 02:46:21 --> compact(): Undefined variable $Estoes codigneiter
in APPPATH\Controllers\Home.php on line 10.
 1 [internal function]: CodeIgniter\Debug\Exceptions->errorHandler(2, 'compact(): Undefined variable $Estoes codigneiter', 'C:\\xampp\\htdocs\\codigo\\app\\Controllers\\Home.php', 10)
 2 APPPATH\Controllers\Home.php(10): compact([...])
 3 SYSTEMPATH\CodeIgniter.php(934): App\Controllers\Home->index()
 4 SYSTEMPATH\CodeIgniter.php(499): CodeIgniter\CodeIgniter->runController(Object(App\Controllers\Home))
 5 SYSTEMPATH\CodeIgniter.php(368): CodeIgniter\CodeIgniter->handleRequest(null, Object(Config\Cache), false)
 6 FCPATH\index.php(67): CodeIgniter\CodeIgniter->run()
CRITICAL - 2023-04-14 02:46:38 --> compact(): Undefined variable $Estoes codigneiter
in APPPATH\Controllers\Home.php on line 10.
 1 [internal function]: CodeIgniter\Debug\Exceptions->errorHandler(2, 'compact(): Undefined variable $Estoes codigneiter', 'C:\\xampp\\htdocs\\codigo\\app\\Controllers\\Home.php', 10)
 2 APPPATH\Controllers\Home.php(10): compact([...])
 3 SYSTEMPATH\CodeIgniter.php(934): App\Controllers\Home->index()
 4 SYSTEMPATH\CodeIgniter.php(499): CodeIgniter\CodeIgniter->runController(Object(App\Controllers\Home))
 5 SYSTEMPATH\CodeIgniter.php(368): CodeIgniter\CodeIgniter->handleRequest(null, Object(Config\Cache), false)
 6 FCPATH\index.php(67): CodeIgniter\CodeIgniter->run()
