CRITICAL - 2023-04-24 01:13:09 --> Undefined variable $id
in APPPATH\Views\visualizar.php on line 24.
 1 APPPATH\Views\visualizar.php(24): CodeIgniter\Debug\Exceptions->errorHandler(2, 'Undefined variable $id', 'C:\\xampp\\htdocs\\codigo\\app\\Views\\visualizar.php', 24)
 2 SYSTEMPATH\View\View.php(213): include('C:\\xampp\\htdocs\\codigo\\app\\Views\\visualizar.php')
 3 SYSTEMPATH\View\View.php(216): CodeIgniter\View\View->CodeIgniter\View\{closure}()
 4 SYSTEMPATH\Common.php(1184): CodeIgniter\View\View->render('visualizar', [], true)
 5 APPPATH\Controllers\Home.php(62): view('visualizar', [...])
 6 SYSTEMPATH\CodeIgniter.php(934): App\Controllers\Home->show('estiloscrud', 'visualizar.css')
 7 SYSTEMPATH\CodeIgniter.php(499): CodeIgniter\CodeIgniter->runController(Object(App\Controllers\Home))
 8 SYSTEMPATH\CodeIgniter.php(368): CodeIgniter\CodeIgniter->handleRequest(null, Object(Config\Cache), false)
 9 FCPATH\index.php(67): CodeIgniter\CodeIgniter->run()
CRITICAL - 2023-04-24 01:13:11 --> Undefined variable $id
in APPPATH\Views\visualizar.php on line 24.
 1 APPPATH\Views\visualizar.php(24): CodeIgniter\Debug\Exceptions->errorHandler(2, 'Undefined variable $id', 'C:\\xampp\\htdocs\\codigo\\app\\Views\\visualizar.php', 24)
 2 SYSTEMPATH\View\View.php(213): include('C:\\xampp\\htdocs\\codigo\\app\\Views\\visualizar.php')
 3 SYSTEMPATH\View\View.php(216): CodeIgniter\View\View->CodeIgniter\View\{closure}()
 4 SYSTEMPATH\Common.php(1184): CodeIgniter\View\View->render('visualizar', [], true)
 5 APPPATH\Controllers\Home.php(62): view('visualizar', [...])
 6 SYSTEMPATH\CodeIgniter.php(934): App\Controllers\Home->show('estiloscrud', 'visualizar.css')
 7 SYSTEMPATH\CodeIgniter.php(499): CodeIgniter\CodeIgniter->runController(Object(App\Controllers\Home))
 8 SYSTEMPATH\CodeIgniter.php(368): CodeIgniter\CodeIgniter->handleRequest(null, Object(Config\Cache), false)
 9 FCPATH\index.php(67): CodeIgniter\CodeIgniter->run()
CRITICAL - 2023-04-24 01:13:12 --> Undefined variable $id
in APPPATH\Views\visualizar.php on line 24.
 1 APPPATH\Views\visualizar.php(24): CodeIgniter\Debug\Exceptions->errorHandler(2, 'Undefined variable $id', 'C:\\xampp\\htdocs\\codigo\\app\\Views\\visualizar.php', 24)
 2 SYSTEMPATH\View\View.php(213): include('C:\\xampp\\htdocs\\codigo\\app\\Views\\visualizar.php')
 3 SYSTEMPATH\View\View.php(216): CodeIgniter\View\View->CodeIgniter\View\{closure}()
 4 SYSTEMPATH\Common.php(1184): CodeIgniter\View\View->render('visualizar', [], true)
 5 APPPATH\Controllers\Home.php(62): view('visualizar', [...])
 6 SYSTEMPATH\CodeIgniter.php(934): App\Controllers\Home->show('estiloscrud', 'visualizar.css')
 7 SYSTEMPATH\CodeIgniter.php(499): CodeIgniter\CodeIgniter->runController(Object(App\Controllers\Home))
 8 SYSTEMPATH\CodeIgniter.php(368): CodeIgniter\CodeIgniter->handleRequest(null, Object(Config\Cache), false)
 9 FCPATH\index.php(67): CodeIgniter\CodeIgniter->run()
CRITICAL - 2023-04-24 01:13:12 --> Undefined variable $id
in APPPATH\Views\visualizar.php on line 24.
 1 APPPATH\Views\visualizar.php(24): CodeIgniter\Debug\Exceptions->errorHandler(2, 'Undefined variable $id', 'C:\\xampp\\htdocs\\codigo\\app\\Views\\visualizar.php', 24)
 2 SYSTEMPATH\View\View.php(213): include('C:\\xampp\\htdocs\\codigo\\app\\Views\\visualizar.php')
 3 SYSTEMPATH\View\View.php(216): CodeIgniter\View\View->CodeIgniter\View\{closure}()
 4 SYSTEMPATH\Common.php(1184): CodeIgniter\View\View->render('visualizar', [], true)
 5 APPPATH\Controllers\Home.php(62): view('visualizar', [...])
 6 SYSTEMPATH\CodeIgniter.php(934): App\Controllers\Home->show('estiloscrud', 'visualizar.css')
 7 SYSTEMPATH\CodeIgniter.php(499): CodeIgniter\CodeIgniter->runController(Object(App\Controllers\Home))
 8 SYSTEMPATH\CodeIgniter.php(368): CodeIgniter\CodeIgniter->handleRequest(null, Object(Config\Cache), false)
 9 FCPATH\index.php(67): CodeIgniter\CodeIgniter->run()
CRITICAL - 2023-04-24 01:13:48 --> Undefined variable $id
in APPPATH\Views\visualizar.php on line 24.
 1 APPPATH\Views\visualizar.php(24): CodeIgniter\Debug\Exceptions->errorHandler(2, 'Undefined variable $id', 'C:\\xampp\\htdocs\\codigo\\app\\Views\\visualizar.php', 24)
 2 SYSTEMPATH\View\View.php(213): include('C:\\xampp\\htdocs\\codigo\\app\\Views\\visualizar.php')
 3 SYSTEMPATH\View\View.php(216): CodeIgniter\View\View->CodeIgniter\View\{closure}()
 4 SYSTEMPATH\Common.php(1184): CodeIgniter\View\View->render('visualizar', [], true)
 5 APPPATH\Controllers\Home.php(62): view('visualizar', [...])
 6 SYSTEMPATH\CodeIgniter.php(934): App\Controllers\Home->show('estiloscrud', 'visualizar.css')
 7 SYSTEMPATH\CodeIgniter.php(499): CodeIgniter\CodeIgniter->runController(Object(App\Controllers\Home))
 8 SYSTEMPATH\CodeIgniter.php(368): CodeIgniter\CodeIgniter->handleRequest(null, Object(Config\Cache), false)
 9 FCPATH\index.php(67): CodeIgniter\CodeIgniter->run()
CRITICAL - 2023-04-24 01:13:49 --> Undefined variable $id
in APPPATH\Views\visualizar.php on line 24.
 1 APPPATH\Views\visualizar.php(24): CodeIgniter\Debug\Exceptions->errorHandler(2, 'Undefined variable $id', 'C:\\xampp\\htdocs\\codigo\\app\\Views\\visualizar.php', 24)
 2 SYSTEMPATH\View\View.php(213): include('C:\\xampp\\htdocs\\codigo\\app\\Views\\visualizar.php')
 3 SYSTEMPATH\View\View.php(216): CodeIgniter\View\View->CodeIgniter\View\{closure}()
 4 SYSTEMPATH\Common.php(1184): CodeIgniter\View\View->render('visualizar', [], true)
 5 APPPATH\Controllers\Home.php(62): view('visualizar', [...])
 6 SYSTEMPATH\CodeIgniter.php(934): App\Controllers\Home->show('estiloscrud', 'visualizar.css')
 7 SYSTEMPATH\CodeIgniter.php(499): CodeIgniter\CodeIgniter->runController(Object(App\Controllers\Home))
 8 SYSTEMPATH\CodeIgniter.php(368): CodeIgniter\CodeIgniter->handleRequest(null, Object(Config\Cache), false)
 9 FCPATH\index.php(67): CodeIgniter\CodeIgniter->run()
CRITICAL - 2023-04-24 01:13:49 --> Undefined variable $id
in APPPATH\Views\visualizar.php on line 24.
 1 APPPATH\Views\visualizar.php(24): CodeIgniter\Debug\Exceptions->errorHandler(2, 'Undefined variable $id', 'C:\\xampp\\htdocs\\codigo\\app\\Views\\visualizar.php', 24)
 2 SYSTEMPATH\View\View.php(213): include('C:\\xampp\\htdocs\\codigo\\app\\Views\\visualizar.php')
 3 SYSTEMPATH\View\View.php(216): CodeIgniter\View\View->CodeIgniter\View\{closure}()
 4 SYSTEMPATH\Common.php(1184): CodeIgniter\View\View->render('visualizar', [], true)
 5 APPPATH\Controllers\Home.php(62): view('visualizar', [...])
 6 SYSTEMPATH\CodeIgniter.php(934): App\Controllers\Home->show('estiloscrud', 'visualizar.css')
 7 SYSTEMPATH\CodeIgniter.php(499): CodeIgniter\CodeIgniter->runController(Object(App\Controllers\Home))
 8 SYSTEMPATH\CodeIgniter.php(368): CodeIgniter\CodeIgniter->handleRequest(null, Object(Config\Cache), false)
 9 FCPATH\index.php(67): CodeIgniter\CodeIgniter->run()
CRITICAL - 2023-04-24 01:14:21 --> Undefined variable $id
in APPPATH\Views\visualizar.php on line 24.
 1 APPPATH\Views\visualizar.php(24): CodeIgniter\Debug\Exceptions->errorHandler(2, 'Undefined variable $id', 'C:\\xampp\\htdocs\\codigo\\app\\Views\\visualizar.php', 24)
 2 SYSTEMPATH\View\View.php(213): include('C:\\xampp\\htdocs\\codigo\\app\\Views\\visualizar.php')
 3 SYSTEMPATH\View\View.php(216): CodeIgniter\View\View->CodeIgniter\View\{closure}()
 4 SYSTEMPATH\Common.php(1184): CodeIgniter\View\View->render('visualizar', [], true)
 5 APPPATH\Controllers\Home.php(62): view('visualizar', [...])
 6 SYSTEMPATH\CodeIgniter.php(934): App\Controllers\Home->show('estiloscrud', 'visualizar.css')
 7 SYSTEMPATH\CodeIgniter.php(499): CodeIgniter\CodeIgniter->runController(Object(App\Controllers\Home))
 8 SYSTEMPATH\CodeIgniter.php(368): CodeIgniter\CodeIgniter->handleRequest(null, Object(Config\Cache), false)
 9 FCPATH\index.php(67): CodeIgniter\CodeIgniter->run()
CRITICAL - 2023-04-24 01:14:22 --> Undefined variable $id
in APPPATH\Views\visualizar.php on line 24.
 1 APPPATH\Views\visualizar.php(24): CodeIgniter\Debug\Exceptions->errorHandler(2, 'Undefined variable $id', 'C:\\xampp\\htdocs\\codigo\\app\\Views\\visualizar.php', 24)
 2 SYSTEMPATH\View\View.php(213): include('C:\\xampp\\htdocs\\codigo\\app\\Views\\visualizar.php')
 3 SYSTEMPATH\View\View.php(216): CodeIgniter\View\View->CodeIgniter\View\{closure}()
 4 SYSTEMPATH\Common.php(1184): CodeIgniter\View\View->render('visualizar', [], true)
 5 APPPATH\Controllers\Home.php(62): view('visualizar', [...])
 6 SYSTEMPATH\CodeIgniter.php(934): App\Controllers\Home->show('estiloscrud', 'visualizar.css')
 7 SYSTEMPATH\CodeIgniter.php(499): CodeIgniter\CodeIgniter->runController(Object(App\Controllers\Home))
 8 SYSTEMPATH\CodeIgniter.php(368): CodeIgniter\CodeIgniter->handleRequest(null, Object(Config\Cache), false)
 9 FCPATH\index.php(67): CodeIgniter\CodeIgniter->run()
CRITICAL - 2023-04-24 01:14:34 --> Undefined variable $id
in APPPATH\Views\visualizar.php on line 24.
 1 APPPATH\Views\visualizar.php(24): CodeIgniter\Debug\Exceptions->errorHandler(2, 'Undefined variable $id', 'C:\\xampp\\htdocs\\codigo\\app\\Views\\visualizar.php', 24)
 2 SYSTEMPATH\View\View.php(213): include('C:\\xampp\\htdocs\\codigo\\app\\Views\\visualizar.php')
 3 SYSTEMPATH\View\View.php(216): CodeIgniter\View\View->CodeIgniter\View\{closure}()
 4 SYSTEMPATH\Common.php(1184): CodeIgniter\View\View->render('visualizar', [], true)
 5 APPPATH\Controllers\Home.php(62): view('visualizar', [...])
 6 SYSTEMPATH\CodeIgniter.php(934): App\Controllers\Home->show('estiloscrud', 'visualizar.css')
 7 SYSTEMPATH\CodeIgniter.php(499): CodeIgniter\CodeIgniter->runController(Object(App\Controllers\Home))
 8 SYSTEMPATH\CodeIgniter.php(368): CodeIgniter\CodeIgniter->handleRequest(null, Object(Config\Cache), false)
 9 FCPATH\index.php(67): CodeIgniter\CodeIgniter->run()
CRITICAL - 2023-04-24 01:14:35 --> Undefined variable $id
in APPPATH\Views\visualizar.php on line 24.
 1 APPPATH\Views\visualizar.php(24): CodeIgniter\Debug\Exceptions->errorHandler(2, 'Undefined variable $id', 'C:\\xampp\\htdocs\\codigo\\app\\Views\\visualizar.php', 24)
 2 SYSTEMPATH\View\View.php(213): include('C:\\xampp\\htdocs\\codigo\\app\\Views\\visualizar.php')
 3 SYSTEMPATH\View\View.php(216): CodeIgniter\View\View->CodeIgniter\View\{closure}()
 4 SYSTEMPATH\Common.php(1184): CodeIgniter\View\View->render('visualizar', [], true)
 5 APPPATH\Controllers\Home.php(62): view('visualizar', [...])
 6 SYSTEMPATH\CodeIgniter.php(934): App\Controllers\Home->show('estiloscrud', 'visualizar.css')
 7 SYSTEMPATH\CodeIgniter.php(499): CodeIgniter\CodeIgniter->runController(Object(App\Controllers\Home))
 8 SYSTEMPATH\CodeIgniter.php(368): CodeIgniter\CodeIgniter->handleRequest(null, Object(Config\Cache), false)
 9 FCPATH\index.php(67): CodeIgniter\CodeIgniter->run()
CRITICAL - 2023-04-24 01:14:37 --> Undefined variable $id
in APPPATH\Views\visualizar.php on line 24.
 1 APPPATH\Views\visualizar.php(24): CodeIgniter\Debug\Exceptions->errorHandler(2, 'Undefined variable $id', 'C:\\xampp\\htdocs\\codigo\\app\\Views\\visualizar.php', 24)
 2 SYSTEMPATH\View\View.php(213): include('C:\\xampp\\htdocs\\codigo\\app\\Views\\visualizar.php')
 3 SYSTEMPATH\View\View.php(216): CodeIgniter\View\View->CodeIgniter\View\{closure}()
 4 SYSTEMPATH\Common.php(1184): CodeIgniter\View\View->render('visualizar', [], true)
 5 APPPATH\Controllers\Home.php(62): view('visualizar', [...])
 6 SYSTEMPATH\CodeIgniter.php(934): App\Controllers\Home->show('estiloscrud', 'visualizar.css')
 7 SYSTEMPATH\CodeIgniter.php(499): CodeIgniter\CodeIgniter->runController(Object(App\Controllers\Home))
 8 SYSTEMPATH\CodeIgniter.php(368): CodeIgniter\CodeIgniter->handleRequest(null, Object(Config\Cache), false)
 9 FCPATH\index.php(67): CodeIgniter\CodeIgniter->run()
CRITICAL - 2023-04-24 01:14:44 --> Undefined variable $id
in APPPATH\Views\visualizar.php on line 24.
 1 APPPATH\Views\visualizar.php(24): CodeIgniter\Debug\Exceptions->errorHandler(2, 'Undefined variable $id', 'C:\\xampp\\htdocs\\codigo\\app\\Views\\visualizar.php', 24)
 2 SYSTEMPATH\View\View.php(213): include('C:\\xampp\\htdocs\\codigo\\app\\Views\\visualizar.php')
 3 SYSTEMPATH\View\View.php(216): CodeIgniter\View\View->CodeIgniter\View\{closure}()
 4 SYSTEMPATH\Common.php(1184): CodeIgniter\View\View->render('visualizar', [], true)
 5 APPPATH\Controllers\Home.php(62): view('visualizar', [...])
 6 SYSTEMPATH\CodeIgniter.php(934): App\Controllers\Home->show('estiloscrud', 'visualizar.css')
 7 SYSTEMPATH\CodeIgniter.php(499): CodeIgniter\CodeIgniter->runController(Object(App\Controllers\Home))
 8 SYSTEMPATH\CodeIgniter.php(368): CodeIgniter\CodeIgniter->handleRequest(null, Object(Config\Cache), false)
 9 FCPATH\index.php(67): CodeIgniter\CodeIgniter->run()
CRITICAL - 2023-04-24 01:15:59 --> Undefined variable $id
in APPPATH\Views\visualizar.php on line 24.
 1 APPPATH\Views\visualizar.php(24): CodeIgniter\Debug\Exceptions->errorHandler(2, 'Undefined variable $id', 'C:\\xampp\\htdocs\\codigo\\app\\Views\\visualizar.php', 24)
 2 SYSTEMPATH\View\View.php(213): include('C:\\xampp\\htdocs\\codigo\\app\\Views\\visualizar.php')
 3 SYSTEMPATH\View\View.php(216): CodeIgniter\View\View->CodeIgniter\View\{closure}()
 4 SYSTEMPATH\Common.php(1184): CodeIgniter\View\View->render('visualizar', [], true)
 5 APPPATH\Controllers\Home.php(62): view('visualizar', [...])
 6 SYSTEMPATH\CodeIgniter.php(934): App\Controllers\Home->show('estiloscrud', 'visualizar.css')
 7 SYSTEMPATH\CodeIgniter.php(499): CodeIgniter\CodeIgniter->runController(Object(App\Controllers\Home))
 8 SYSTEMPATH\CodeIgniter.php(368): CodeIgniter\CodeIgniter->handleRequest(null, Object(Config\Cache), false)
 9 FCPATH\index.php(67): CodeIgniter\CodeIgniter->run()
CRITICAL - 2023-04-24 01:15:59 --> Undefined variable $id
in APPPATH\Views\visualizar.php on line 24.
 1 APPPATH\Views\visualizar.php(24): CodeIgniter\Debug\Exceptions->errorHandler(2, 'Undefined variable $id', 'C:\\xampp\\htdocs\\codigo\\app\\Views\\visualizar.php', 24)
 2 SYSTEMPATH\View\View.php(213): include('C:\\xampp\\htdocs\\codigo\\app\\Views\\visualizar.php')
 3 SYSTEMPATH\View\View.php(216): CodeIgniter\View\View->CodeIgniter\View\{closure}()
 4 SYSTEMPATH\Common.php(1184): CodeIgniter\View\View->render('visualizar', [], true)
 5 APPPATH\Controllers\Home.php(62): view('visualizar', [...])
 6 SYSTEMPATH\CodeIgniter.php(934): App\Controllers\Home->show('estiloscrud', 'visualizar.css')
 7 SYSTEMPATH\CodeIgniter.php(499): CodeIgniter\CodeIgniter->runController(Object(App\Controllers\Home))
 8 SYSTEMPATH\CodeIgniter.php(368): CodeIgniter\CodeIgniter->handleRequest(null, Object(Config\Cache), false)
 9 FCPATH\index.php(67): CodeIgniter\CodeIgniter->run()
CRITICAL - 2023-04-24 01:16:11 --> Undefined variable $id
in APPPATH\Views\visualizar.php on line 24.
 1 APPPATH\Views\visualizar.php(24): CodeIgniter\Debug\Exceptions->errorHandler(2, 'Undefined variable $id', 'C:\\xampp\\htdocs\\codigo\\app\\Views\\visualizar.php', 24)
 2 SYSTEMPATH\View\View.php(213): include('C:\\xampp\\htdocs\\codigo\\app\\Views\\visualizar.php')
 3 SYSTEMPATH\View\View.php(216): CodeIgniter\View\View->CodeIgniter\View\{closure}()
 4 SYSTEMPATH\Common.php(1184): CodeIgniter\View\View->render('visualizar', [], true)
 5 APPPATH\Controllers\Home.php(62): view('visualizar', [...])
 6 SYSTEMPATH\CodeIgniter.php(934): App\Controllers\Home->show('estiloscrud', 'visualizar.css')
 7 SYSTEMPATH\CodeIgniter.php(499): CodeIgniter\CodeIgniter->runController(Object(App\Controllers\Home))
 8 SYSTEMPATH\CodeIgniter.php(368): CodeIgniter\CodeIgniter->handleRequest(null, Object(Config\Cache), false)
 9 FCPATH\index.php(67): CodeIgniter\CodeIgniter->run()
CRITICAL - 2023-04-24 01:16:11 --> Undefined variable $id
in APPPATH\Views\visualizar.php on line 24.
 1 APPPATH\Views\visualizar.php(24): CodeIgniter\Debug\Exceptions->errorHandler(2, 'Undefined variable $id', 'C:\\xampp\\htdocs\\codigo\\app\\Views\\visualizar.php', 24)
 2 SYSTEMPATH\View\View.php(213): include('C:\\xampp\\htdocs\\codigo\\app\\Views\\visualizar.php')
 3 SYSTEMPATH\View\View.php(216): CodeIgniter\View\View->CodeIgniter\View\{closure}()
 4 SYSTEMPATH\Common.php(1184): CodeIgniter\View\View->render('visualizar', [], true)
 5 APPPATH\Controllers\Home.php(62): view('visualizar', [...])
 6 SYSTEMPATH\CodeIgniter.php(934): App\Controllers\Home->show('estiloscrud', 'visualizar.css')
 7 SYSTEMPATH\CodeIgniter.php(499): CodeIgniter\CodeIgniter->runController(Object(App\Controllers\Home))
 8 SYSTEMPATH\CodeIgniter.php(368): CodeIgniter\CodeIgniter->handleRequest(null, Object(Config\Cache), false)
 9 FCPATH\index.php(67): CodeIgniter\CodeIgniter->run()
CRITICAL - 2023-04-24 01:16:32 --> Undefined variable $id
in APPPATH\Views\visualizar.php on line 24.
 1 APPPATH\Views\visualizar.php(24): CodeIgniter\Debug\Exceptions->errorHandler(2, 'Undefined variable $id', 'C:\\xampp\\htdocs\\codigo\\app\\Views\\visualizar.php', 24)
 2 SYSTEMPATH\View\View.php(213): include('C:\\xampp\\htdocs\\codigo\\app\\Views\\visualizar.php')
 3 SYSTEMPATH\View\View.php(216): CodeIgniter\View\View->CodeIgniter\View\{closure}()
 4 SYSTEMPATH\Common.php(1184): CodeIgniter\View\View->render('visualizar', [], true)
 5 APPPATH\Controllers\Home.php(62): view('visualizar', [...])
 6 SYSTEMPATH\CodeIgniter.php(934): App\Controllers\Home->show('estiloscrud', 'visualizar.css')
 7 SYSTEMPATH\CodeIgniter.php(499): CodeIgniter\CodeIgniter->runController(Object(App\Controllers\Home))
 8 SYSTEMPATH\CodeIgniter.php(368): CodeIgniter\CodeIgniter->handleRequest(null, Object(Config\Cache), false)
 9 FCPATH\index.php(67): CodeIgniter\CodeIgniter->run()
CRITICAL - 2023-04-24 01:16:33 --> Undefined variable $id
in APPPATH\Views\visualizar.php on line 24.
 1 APPPATH\Views\visualizar.php(24): CodeIgniter\Debug\Exceptions->errorHandler(2, 'Undefined variable $id', 'C:\\xampp\\htdocs\\codigo\\app\\Views\\visualizar.php', 24)
 2 SYSTEMPATH\View\View.php(213): include('C:\\xampp\\htdocs\\codigo\\app\\Views\\visualizar.php')
 3 SYSTEMPATH\View\View.php(216): CodeIgniter\View\View->CodeIgniter\View\{closure}()
 4 SYSTEMPATH\Common.php(1184): CodeIgniter\View\View->render('visualizar', [], true)
 5 APPPATH\Controllers\Home.php(62): view('visualizar', [...])
 6 SYSTEMPATH\CodeIgniter.php(934): App\Controllers\Home->show('estiloscrud', 'visualizar.css')
 7 SYSTEMPATH\CodeIgniter.php(499): CodeIgniter\CodeIgniter->runController(Object(App\Controllers\Home))
 8 SYSTEMPATH\CodeIgniter.php(368): CodeIgniter\CodeIgniter->handleRequest(null, Object(Config\Cache), false)
 9 FCPATH\index.php(67): CodeIgniter\CodeIgniter->run()
CRITICAL - 2023-04-24 01:55:11 --> Undefined variable $id
in APPPATH\Views\visualizar.php on line 23.
 1 APPPATH\Views\visualizar.php(23): CodeIgniter\Debug\Exceptions->errorHandler(2, 'Undefined variable $id', 'C:\\xampp\\htdocs\\codigo\\app\\Views\\visualizar.php', 23)
 2 SYSTEMPATH\View\View.php(213): include('C:\\xampp\\htdocs\\codigo\\app\\Views\\visualizar.php')
 3 SYSTEMPATH\View\View.php(216): CodeIgniter\View\View->CodeIgniter\View\{closure}()
 4 SYSTEMPATH\Common.php(1184): CodeIgniter\View\View->render('visualizar', [], true)
 5 APPPATH\Controllers\Home.php(62): view('visualizar', [...])
 6 SYSTEMPATH\CodeIgniter.php(934): App\Controllers\Home->show('estiloscrud', 'visualizar.css')
 7 SYSTEMPATH\CodeIgniter.php(499): CodeIgniter\CodeIgniter->runController(Object(App\Controllers\Home))
 8 SYSTEMPATH\CodeIgniter.php(368): CodeIgniter\CodeIgniter->handleRequest(null, Object(Config\Cache), false)
 9 FCPATH\index.php(67): CodeIgniter\CodeIgniter->run()
CRITICAL - 2023-04-24 01:55:53 --> Undefined variable $id
in APPPATH\Views\visualizar.php on line 23.
 1 APPPATH\Views\visualizar.php(23): CodeIgniter\Debug\Exceptions->errorHandler(2, 'Undefined variable $id', 'C:\\xampp\\htdocs\\codigo\\app\\Views\\visualizar.php', 23)
 2 SYSTEMPATH\View\View.php(213): include('C:\\xampp\\htdocs\\codigo\\app\\Views\\visualizar.php')
 3 SYSTEMPATH\View\View.php(216): CodeIgniter\View\View->CodeIgniter\View\{closure}()
 4 SYSTEMPATH\Common.php(1184): CodeIgniter\View\View->render('visualizar', [], true)
 5 APPPATH\Controllers\Home.php(62): view('visualizar', [...])
 6 SYSTEMPATH\CodeIgniter.php(934): App\Controllers\Home->show('estiloscrud', 'visualizar.css')
 7 SYSTEMPATH\CodeIgniter.php(499): CodeIgniter\CodeIgniter->runController(Object(App\Controllers\Home))
 8 SYSTEMPATH\CodeIgniter.php(368): CodeIgniter\CodeIgniter->handleRequest(null, Object(Config\Cache), false)
 9 FCPATH\index.php(67): CodeIgniter\CodeIgniter->run()
CRITICAL - 2023-04-24 01:56:06 --> Undefined variable $id
in APPPATH\Views\visualizar.php on line 23.
 1 APPPATH\Views\visualizar.php(23): CodeIgniter\Debug\Exceptions->errorHandler(2, 'Undefined variable $id', 'C:\\xampp\\htdocs\\codigo\\app\\Views\\visualizar.php', 23)
 2 SYSTEMPATH\View\View.php(213): include('C:\\xampp\\htdocs\\codigo\\app\\Views\\visualizar.php')
 3 SYSTEMPATH\View\View.php(216): CodeIgniter\View\View->CodeIgniter\View\{closure}()
 4 SYSTEMPATH\Common.php(1184): CodeIgniter\View\View->render('visualizar', [], true)
 5 APPPATH\Controllers\Home.php(62): view('visualizar', [...])
 6 SYSTEMPATH\CodeIgniter.php(934): App\Controllers\Home->show('estiloscrud', 'visualizar.css')
 7 SYSTEMPATH\CodeIgniter.php(499): CodeIgniter\CodeIgniter->runController(Object(App\Controllers\Home))
 8 SYSTEMPATH\CodeIgniter.php(368): CodeIgniter\CodeIgniter->handleRequest(null, Object(Config\Cache), false)
 9 FCPATH\index.php(67): CodeIgniter\CodeIgniter->run()
CRITICAL - 2023-04-24 01:56:07 --> Undefined variable $id
in APPPATH\Views\visualizar.php on line 23.
 1 APPPATH\Views\visualizar.php(23): CodeIgniter\Debug\Exceptions->errorHandler(2, 'Undefined variable $id', 'C:\\xampp\\htdocs\\codigo\\app\\Views\\visualizar.php', 23)
 2 SYSTEMPATH\View\View.php(213): include('C:\\xampp\\htdocs\\codigo\\app\\Views\\visualizar.php')
 3 SYSTEMPATH\View\View.php(216): CodeIgniter\View\View->CodeIgniter\View\{closure}()
 4 SYSTEMPATH\Common.php(1184): CodeIgniter\View\View->render('visualizar', [], true)
 5 APPPATH\Controllers\Home.php(62): view('visualizar', [...])
 6 SYSTEMPATH\CodeIgniter.php(934): App\Controllers\Home->show('estiloscrud', 'visualizar.css')
 7 SYSTEMPATH\CodeIgniter.php(499): CodeIgniter\CodeIgniter->runController(Object(App\Controllers\Home))
 8 SYSTEMPATH\CodeIgniter.php(368): CodeIgniter\CodeIgniter->handleRequest(null, Object(Config\Cache), false)
 9 FCPATH\index.php(67): CodeIgniter\CodeIgniter->run()
CRITICAL - 2023-04-24 01:56:11 --> Undefined variable $id
in APPPATH\Views\visualizar.php on line 23.
 1 APPPATH\Views\visualizar.php(23): CodeIgniter\Debug\Exceptions->errorHandler(2, 'Undefined variable $id', 'C:\\xampp\\htdocs\\codigo\\app\\Views\\visualizar.php', 23)
 2 SYSTEMPATH\View\View.php(213): include('C:\\xampp\\htdocs\\codigo\\app\\Views\\visualizar.php')
 3 SYSTEMPATH\View\View.php(216): CodeIgniter\View\View->CodeIgniter\View\{closure}()
 4 SYSTEMPATH\Common.php(1184): CodeIgniter\View\View->render('visualizar', [], true)
 5 APPPATH\Controllers\Home.php(62): view('visualizar', [...])
 6 SYSTEMPATH\CodeIgniter.php(934): App\Controllers\Home->show('estiloscrud', 'visualizar.css')
 7 SYSTEMPATH\CodeIgniter.php(499): CodeIgniter\CodeIgniter->runController(Object(App\Controllers\Home))
 8 SYSTEMPATH\CodeIgniter.php(368): CodeIgniter\CodeIgniter->handleRequest(null, Object(Config\Cache), false)
 9 FCPATH\index.php(67): CodeIgniter\CodeIgniter->run()
CRITICAL - 2023-04-24 01:58:57 --> Undefined variable $id
in APPPATH\Views\visualizar.php on line 23.
 1 APPPATH\Views\visualizar.php(23): CodeIgniter\Debug\Exceptions->errorHandler(2, 'Undefined variable $id', 'C:\\xampp\\htdocs\\codigo\\app\\Views\\visualizar.php', 23)
 2 SYSTEMPATH\View\View.php(213): include('C:\\xampp\\htdocs\\codigo\\app\\Views\\visualizar.php')
 3 SYSTEMPATH\View\View.php(216): CodeIgniter\View\View->CodeIgniter\View\{closure}()
 4 SYSTEMPATH\Common.php(1184): CodeIgniter\View\View->render('visualizar', [], true)
 5 APPPATH\Controllers\Home.php(62): view('visualizar', [...])
 6 SYSTEMPATH\CodeIgniter.php(934): App\Controllers\Home->show('estiloscrud', 'visualizar.css')
 7 SYSTEMPATH\CodeIgniter.php(499): CodeIgniter\CodeIgniter->runController(Object(App\Controllers\Home))
 8 SYSTEMPATH\CodeIgniter.php(368): CodeIgniter\CodeIgniter->handleRequest(null, Object(Config\Cache), false)
 9 FCPATH\index.php(67): CodeIgniter\CodeIgniter->run()
CRITICAL - 2023-04-24 01:58:59 --> Undefined variable $id
in APPPATH\Views\visualizar.php on line 23.
 1 APPPATH\Views\visualizar.php(23): CodeIgniter\Debug\Exceptions->errorHandler(2, 'Undefined variable $id', 'C:\\xampp\\htdocs\\codigo\\app\\Views\\visualizar.php', 23)
 2 SYSTEMPATH\View\View.php(213): include('C:\\xampp\\htdocs\\codigo\\app\\Views\\visualizar.php')
 3 SYSTEMPATH\View\View.php(216): CodeIgniter\View\View->CodeIgniter\View\{closure}()
 4 SYSTEMPATH\Common.php(1184): CodeIgniter\View\View->render('visualizar', [], true)
 5 APPPATH\Controllers\Home.php(62): view('visualizar', [...])
 6 SYSTEMPATH\CodeIgniter.php(934): App\Controllers\Home->show('estiloscrud', 'visualizar.css')
 7 SYSTEMPATH\CodeIgniter.php(499): CodeIgniter\CodeIgniter->runController(Object(App\Controllers\Home))
 8 SYSTEMPATH\CodeIgniter.php(368): CodeIgniter\CodeIgniter->handleRequest(null, Object(Config\Cache), false)
 9 FCPATH\index.php(67): CodeIgniter\CodeIgniter->run()
CRITICAL - 2023-04-24 01:59:02 --> Undefined variable $id
in APPPATH\Views\visualizar.php on line 23.
 1 APPPATH\Views\visualizar.php(23): CodeIgniter\Debug\Exceptions->errorHandler(2, 'Undefined variable $id', 'C:\\xampp\\htdocs\\codigo\\app\\Views\\visualizar.php', 23)
 2 SYSTEMPATH\View\View.php(213): include('C:\\xampp\\htdocs\\codigo\\app\\Views\\visualizar.php')
 3 SYSTEMPATH\View\View.php(216): CodeIgniter\View\View->CodeIgniter\View\{closure}()
 4 SYSTEMPATH\Common.php(1184): CodeIgniter\View\View->render('visualizar', [], true)
 5 APPPATH\Controllers\Home.php(62): view('visualizar', [...])
 6 SYSTEMPATH\CodeIgniter.php(934): App\Controllers\Home->show('estiloscrud', 'visualizar.css')
 7 SYSTEMPATH\CodeIgniter.php(499): CodeIgniter\CodeIgniter->runController(Object(App\Controllers\Home))
 8 SYSTEMPATH\CodeIgniter.php(368): CodeIgniter\CodeIgniter->handleRequest(null, Object(Config\Cache), false)
 9 FCPATH\index.php(67): CodeIgniter\CodeIgniter->run()
CRITICAL - 2023-04-24 01:59:12 --> Undefined variable $id
in APPPATH\Views\visualizar.php on line 23.
 1 APPPATH\Views\visualizar.php(23): CodeIgniter\Debug\Exceptions->errorHandler(2, 'Undefined variable $id', 'C:\\xampp\\htdocs\\codigo\\app\\Views\\visualizar.php', 23)
 2 SYSTEMPATH\View\View.php(213): include('C:\\xampp\\htdocs\\codigo\\app\\Views\\visualizar.php')
 3 SYSTEMPATH\View\View.php(216): CodeIgniter\View\View->CodeIgniter\View\{closure}()
 4 SYSTEMPATH\Common.php(1184): CodeIgniter\View\View->render('visualizar', [], true)
 5 APPPATH\Controllers\Home.php(62): view('visualizar', [...])
 6 SYSTEMPATH\CodeIgniter.php(934): App\Controllers\Home->show('estiloscrud', 'visualizar.css')
 7 SYSTEMPATH\CodeIgniter.php(499): CodeIgniter\CodeIgniter->runController(Object(App\Controllers\Home))
 8 SYSTEMPATH\CodeIgniter.php(368): CodeIgniter\CodeIgniter->handleRequest(null, Object(Config\Cache), false)
 9 FCPATH\index.php(67): CodeIgniter\CodeIgniter->run()
CRITICAL - 2023-04-24 01:59:26 --> Undefined variable $id
in APPPATH\Views\visualizar.php on line 23.
 1 APPPATH\Views\visualizar.php(23): CodeIgniter\Debug\Exceptions->errorHandler(2, 'Undefined variable $id', 'C:\\xampp\\htdocs\\codigo\\app\\Views\\visualizar.php', 23)
 2 SYSTEMPATH\View\View.php(213): include('C:\\xampp\\htdocs\\codigo\\app\\Views\\visualizar.php')
 3 SYSTEMPATH\View\View.php(216): CodeIgniter\View\View->CodeIgniter\View\{closure}()
 4 SYSTEMPATH\Common.php(1184): CodeIgniter\View\View->render('visualizar', [], true)
 5 APPPATH\Controllers\Home.php(62): view('visualizar', [...])
 6 SYSTEMPATH\CodeIgniter.php(934): App\Controllers\Home->show('estiloscrud', 'visualizar.css')
 7 SYSTEMPATH\CodeIgniter.php(499): CodeIgniter\CodeIgniter->runController(Object(App\Controllers\Home))
 8 SYSTEMPATH\CodeIgniter.php(368): CodeIgniter\CodeIgniter->handleRequest(null, Object(Config\Cache), false)
 9 FCPATH\index.php(67): CodeIgniter\CodeIgniter->run()
CRITICAL - 2023-04-24 02:08:37 --> Undefined variable $id
in APPPATH\Views\visualizar.php on line 23.
 1 APPPATH\Views\visualizar.php(23): CodeIgniter\Debug\Exceptions->errorHandler(2, 'Undefined variable $id', 'C:\\xampp\\htdocs\\codigo\\app\\Views\\visualizar.php', 23)
 2 SYSTEMPATH\View\View.php(213): include('C:\\xampp\\htdocs\\codigo\\app\\Views\\visualizar.php')
 3 SYSTEMPATH\View\View.php(216): CodeIgniter\View\View->CodeIgniter\View\{closure}()
 4 SYSTEMPATH\Common.php(1184): CodeIgniter\View\View->render('visualizar', [], true)
 5 APPPATH\Controllers\Home.php(62): view('visualizar', [...])
 6 SYSTEMPATH\CodeIgniter.php(934): App\Controllers\Home->show('estiloscrud', 'visualizar.css')
 7 SYSTEMPATH\CodeIgniter.php(499): CodeIgniter\CodeIgniter->runController(Object(App\Controllers\Home))
 8 SYSTEMPATH\CodeIgniter.php(368): CodeIgniter\CodeIgniter->handleRequest(null, Object(Config\Cache), false)
 9 FCPATH\index.php(67): CodeIgniter\CodeIgniter->run()
CRITICAL - 2023-04-24 02:17:51 --> Undefined variable $id
in APPPATH\Views\visualizar.php on line 23.
 1 APPPATH\Views\visualizar.php(23): CodeIgniter\Debug\Exceptions->errorHandler(2, 'Undefined variable $id', 'C:\\xampp\\htdocs\\codigo\\app\\Views\\visualizar.php', 23)
 2 SYSTEMPATH\View\View.php(213): include('C:\\xampp\\htdocs\\codigo\\app\\Views\\visualizar.php')
 3 SYSTEMPATH\View\View.php(216): CodeIgniter\View\View->CodeIgniter\View\{closure}()
 4 SYSTEMPATH\Common.php(1184): CodeIgniter\View\View->render('visualizar', [], true)
 5 APPPATH\Controllers\Home.php(62): view('visualizar', [...])
 6 SYSTEMPATH\CodeIgniter.php(934): App\Controllers\Home->show('estiloscrud', 'visualizar.css')
 7 SYSTEMPATH\CodeIgniter.php(499): CodeIgniter\CodeIgniter->runController(Object(App\Controllers\Home))
 8 SYSTEMPATH\CodeIgniter.php(368): CodeIgniter\CodeIgniter->handleRequest(null, Object(Config\Cache), false)
 9 FCPATH\index.php(67): CodeIgniter\CodeIgniter->run()
