CRITICAL - 2023-04-18 03:39:24 --> Undefined array key "personasId"
in APPPATH\Controllers\Home.php on line 18.
 1 APPPATH\Controllers\Home.php(18): CodeIgniter\Debug\Exceptions->errorHandler(2, 'Undefined array key "personasId"', 'C:\\xampp\\htdocs\\codigo\\app\\Controllers\\Home.php', 18)
 2 SYSTEMPATH\CodeIgniter.php(934): App\Controllers\Home->create()
 3 SYSTEMPATH\CodeIgniter.php(499): CodeIgniter\CodeIgniter->runController(Object(App\Controllers\Home))
 4 SYSTEMPATH\CodeIgniter.php(368): CodeIgniter\CodeIgniter->handleRequest(null, Object(Config\Cache), false)
 5 FCPATH\index.php(67): CodeIgniter\CodeIgniter->run()
CRITICAL - 2023-04-18 03:40:17 --> Undefined array key "personasNombre"
in APPPATH\Controllers\Home.php on line 19.
 1 APPPATH\Controllers\Home.php(19): CodeIgniter\Debug\Exceptions->errorHandler(2, 'Undefined array key "personasNombre"', 'C:\\xampp\\htdocs\\codigo\\app\\Controllers\\Home.php', 19)
 2 SYSTEMPATH\CodeIgniter.php(934): App\Controllers\Home->create()
 3 SYSTEMPATH\CodeIgniter.php(499): CodeIgniter\CodeIgniter->runController(Object(App\Controllers\Home))
 4 SYSTEMPATH\CodeIgniter.php(368): CodeIgniter\CodeIgniter->handleRequest(null, Object(Config\Cache), false)
 5 FCPATH\index.php(67): CodeIgniter\CodeIgniter->run()
ERROR - 2023-04-18 03:45:08 --> mysqli_sql_exception: Unknown column 'personasNombre1' in 'field list' in C:\xampp\htdocs\codigo\system\Database\MySQLi\Connection.php:295
Stack trace:
#0 C:\xampp\htdocs\codigo\system\Database\MySQLi\Connection.php(295): mysqli->query('INSERT INTO `pe...', 0)
#1 C:\xampp\htdocs\codigo\system\Database\BaseConnection.php(691): CodeIgniter\Database\MySQLi\Connection->execute('INSERT INTO `pe...')
#2 C:\xampp\htdocs\codigo\system\Database\BaseConnection.php(605): CodeIgniter\Database\BaseConnection->simpleQuery('INSERT INTO `pe...')
#3 C:\xampp\htdocs\codigo\system\Database\BaseBuilder.php(2309): CodeIgniter\Database\BaseConnection->query('INSERT INTO `pe...', Array, false)
#4 C:\xampp\htdocs\codigo\app\Models\PersonasModel.php(19): CodeIgniter\Database\BaseBuilder->insert(Array)
#5 C:\xampp\htdocs\codigo\app\Controllers\Home.php(25): App\Models\PersonasModel->crearpersonas(Array)
#6 C:\xampp\htdocs\codigo\system\CodeIgniter.php(934): App\Controllers\Home->create()
#7 C:\xampp\htdocs\codigo\system\CodeIgniter.php(499): CodeIgniter\CodeIgniter->runController(Object(App\Controllers\Home))
#8 C:\xampp\htdocs\codigo\system\CodeIgniter.php(368): CodeIgniter\CodeIgniter->handleRequest(NULL, Object(Config\Cache), false)
#9 C:\xampp\htdocs\codigo\public\index.php(67): CodeIgniter\CodeIgniter->run()
#10 {main}
CRITICAL - 2023-04-18 03:45:08 --> Unknown column 'personasNombre1' in 'field list'
in SYSTEMPATH\Database\MySQLi\Connection.php on line 295.
 1 SYSTEMPATH\Database\MySQLi\Connection.php(295): mysqli->query('INSERT INTO `personas` (`personasNombre1`, `personasApellido`, `personasTitulo`, `personasUsername`) VALUES (\'dasdd\', \'dasdas\', \'dasdsa\', \'sadadd\')', 0)
 2 SYSTEMPATH\Database\BaseConnection.php(691): CodeIgniter\Database\MySQLi\Connection->execute('INSERT INTO `personas` (`personasNombre1`, `personasApellido`, `personasTitulo`, `personasUsername`) VALUES (\'dasdd\', \'dasdas\', \'dasdsa\', \'sadadd\')')
 3 SYSTEMPATH\Database\BaseConnection.php(605): CodeIgniter\Database\BaseConnection->simpleQuery('INSERT INTO `personas` (`personasNombre1`, `personasApellido`, `personasTitulo`, `personasUsername`) VALUES (\'dasdd\', \'dasdas\', \'dasdsa\', \'sadadd\')')
 4 SYSTEMPATH\Database\BaseBuilder.php(2309): CodeIgniter\Database\BaseConnection->query('INSERT INTO `personas` (`personasNombre1`, `personasApellido`, `personasTitulo`, `personasUsername`) VALUES (:personasNombre1:, :personasApellido:, :personasTitulo:, :personasUsername:)', [...], false)
 5 APPPATH\Models\PersonasModel.php(19): CodeIgniter\Database\BaseBuilder->insert([...])
 6 APPPATH\Controllers\Home.php(25): App\Models\PersonasModel->crearpersonas([...])
 7 SYSTEMPATH\CodeIgniter.php(934): App\Controllers\Home->create()
 8 SYSTEMPATH\CodeIgniter.php(499): CodeIgniter\CodeIgniter->runController(Object(App\Controllers\Home))
 9 SYSTEMPATH\CodeIgniter.php(368): CodeIgniter\CodeIgniter->handleRequest(null, Object(Config\Cache), false)
10 FCPATH\index.php(67): CodeIgniter\CodeIgniter->run()
